Using pre-set license
Built from '2021.3/staging' branch; Version is '2021.3.39f1 (fb3b7b32f191) revision 16464763'; Using compiler version '192829333'; Build Type 'Release'
OS: 'Windows 11  (10.0.22631) 64bit Core' Language: 'en' Physical Memory: 16088 MB
BatchMode: 1, IsHumanControllingUs: 0, StartBugReporterOnCrash: 0, Is64bit: 1, IsPro: 1

COMMAND LINE ARGUMENTS:
C:\Program Files\Unity\Hub\Editor\2021.3.39f1\Editor\Unity.exe
-adb2
-batchMode
-noUpm
-name
AssetImportWorker2
-projectPath
D:/CShap-MVC-LinhVM/RunBallRun
-logFile
Logs/AssetImportWorker2.log
-srvPort
52705
Successfully changed project path to: D:/CShap-MVC-LinhVM/RunBallRun
D:/CShap-MVC-LinhVM/RunBallRun
[UnityMemory] Configuration Parameters - Can be set up in boot.config
    "memorysetup-bucket-allocator-granularity=16"
    "memorysetup-bucket-allocator-bucket-count=8"
    "memorysetup-bucket-allocator-block-size=33554432"
    "memorysetup-bucket-allocator-block-count=8"
    "memorysetup-main-allocator-block-size=16777216"
    "memorysetup-thread-allocator-block-size=16777216"
    "memorysetup-gfx-main-allocator-block-size=16777216"
    "memorysetup-gfx-thread-allocator-block-size=16777216"
    "memorysetup-cache-allocator-block-size=4194304"
    "memorysetup-typetree-allocator-block-size=2097152"
    "memorysetup-profiler-bucket-allocator-granularity=16"
    "memorysetup-profiler-bucket-allocator-bucket-count=8"
    "memorysetup-profiler-bucket-allocator-block-size=33554432"
    "memorysetup-profiler-bucket-allocator-block-count=8"
    "memorysetup-profiler-allocator-block-size=16777216"
    "memorysetup-profiler-editor-allocator-block-size=1048576"
    "memorysetup-temp-allocator-size-main=16777216"
    "memorysetup-job-temp-allocator-block-size=2097152"
    "memorysetup-job-temp-allocator-block-size-background=1048576"
    "memorysetup-job-temp-allocator-reduction-small-platforms=262144"
    "memorysetup-temp-allocator-size-background-worker=32768"
    "memorysetup-temp-allocator-size-job-worker=262144"
    "memorysetup-temp-allocator-size-preload-manager=33554432"
    "memorysetup-temp-allocator-size-nav-mesh-worker=65536"
    "memorysetup-temp-allocator-size-audio-worker=65536"
    "memorysetup-temp-allocator-size-cloud-worker=32768"
    "memorysetup-temp-allocator-size-gi-baking-worker=262144"
    "memorysetup-temp-allocator-size-gfx=262144"
Player connection [15596] Host "[IP] 192.168.200.178 [Port] 0 [Flags] 2 [Guid] 449953967 [EditorId] 449953967 [Version] 1048832 [Id] WindowsEditor(7,LAPTOP-5K21940G) [Debug] 1 [PackageName] WindowsEditor [ProjectName] Editor" joined multi-casting on [225.0.0.222:54997]...

Player connection [15596] Host "[IP] 192.168.200.178 [Port] 0 [Flags] 2 [Guid] 449953967 [EditorId] 449953967 [Version] 1048832 [Id] WindowsEditor(7,LAPTOP-5K21940G) [Debug] 1 [PackageName] WindowsEditor [ProjectName] Editor" joined alternative multi-casting on [225.0.0.222:34997]...

[Physics::Module] Initialized MultithreadedJobDispatcher with {0} workers.
Refreshing native plugins compatible for Editor in 57.67 ms, found 3 plugins.
Preloading 0 native plugins for Editor in 0.00 ms.
Initialize engine version: 2021.3.39f1 (fb3b7b32f191)
[Subsystems] Discovering subsystems at path C:/Program Files/Unity/Hub/Editor/2021.3.39f1/Editor/Data/Resources/UnitySubsystems
[Subsystems] Discovering subsystems at path D:/CShap-MVC-LinhVM/RunBallRun/Assets
GfxDevice: creating device client; threaded=0; jobified=0
Direct3D:
    Version:  Direct3D 11.0 [level 11.1]
    Renderer: NVIDIA GeForce RTX 3050 Ti Laptop GPU (ID=0x25a0)
    Vendor:   NVIDIA
    VRAM:     3962 MB
    Driver:   32.0.15.6094
Initialize mono
Mono path[0] = 'C:/Program Files/Unity/Hub/Editor/2021.3.39f1/Editor/Data/Managed'
Mono path[1] = 'C:/Program Files/Unity/Hub/Editor/2021.3.39f1/Editor/Data/MonoBleedingEdge/lib/mono/unityjit-win32'
Mono config path = 'C:/Program Files/Unity/Hub/Editor/2021.3.39f1/Editor/Data/MonoBleedingEdge/etc'
Using monoOptions --debugger-agent=transport=dt_socket,embedding=1,server=y,suspend=n,address=127.0.0.1:56712
Begin MonoManager ReloadAssembly
Registering precompiled unity dll's ...
Register platform support module: C:/Program Files/Unity/Hub/Editor/2021.3.39f1/Editor/Data/PlaybackEngines/AndroidPlayer/UnityEditor.Android.Extensions.dll
Register platform support module: C:/Program Files/Unity/Hub/Editor/2021.3.39f1/Editor/Data/PlaybackEngines/WindowsStandaloneSupport/UnityEditor.WindowsStandalone.Extensions.dll
Registered in 0.002975 seconds.
Native extension for WindowsStandalone target not found
Native extension for Android target not found
Android Extension - Scanning For ADB Devices 269 ms
Refreshing native plugins compatible for Editor in 54.42 ms, found 3 plugins.
Preloading 0 native plugins for Editor in 0.00 ms.
Mono: successfully reloaded assembly
- Completed reload, in  0.838 seconds
Domain Reload Profiling:
	ReloadAssembly (838ms)
		BeginReloadAssembly (89ms)
			ExecutionOrderSort (0ms)
			DisableScriptedObjects (0ms)
			BackupInstance (0ms)
			ReleaseScriptingObjects (0ms)
			CreateAndSetChildDomain (1ms)
		EndReloadAssembly (677ms)
			LoadAssemblies (88ms)
			RebuildTransferFunctionScriptingTraits (0ms)
			SetupTypeCache (93ms)
			ReleaseScriptCaches (0ms)
			RebuildScriptCaches (24ms)
			SetupLoadedEditorAssemblies (526ms)
				LogAssemblyErrors (0ms)
				InitializePlatformSupportModulesInManaged (351ms)
				SetLoadedEditorAssemblies (0ms)
				RefreshPlugins (54ms)
				BeforeProcessingInitializeOnLoad (1ms)
				ProcessInitializeOnLoadAttributes (83ms)
				ProcessInitializeOnLoadMethodAttributes (37ms)
				AfterProcessingInitializeOnLoad (0ms)
				EditorAssembliesLoaded (0ms)
			ExecutionOrderSort2 (0ms)
			AwakeInstancesAfterBackupRestoration (0ms)
Platform modules already initialized, skipping
Registering precompiled user dll's ...
Registered in 0.002028 seconds.
Begin MonoManager ReloadAssembly
Native extension for WindowsStandalone target not found
Native extension for Android target not found
Refreshing native plugins compatible for Editor in 0.57 ms, found 3 plugins.
Preloading 0 native plugins for Editor in 0.00 ms.
Package Manager log level set to [2]
[Package Manager] Server::EnsureServerProcessIsRunning -- launch failed, reason: Unity was launched with the -noUpm command-line argument
[Package Manager] Cannot connect to Unity Package Manager local server
Mono: successfully reloaded assembly
- Completed reload, in  1.198 seconds
Domain Reload Profiling:
	ReloadAssembly (1199ms)
		BeginReloadAssembly (104ms)
			ExecutionOrderSort (0ms)
			DisableScriptedObjects (4ms)
			BackupInstance (0ms)
			ReleaseScriptingObjects (0ms)
			CreateAndSetChildDomain (18ms)
		EndReloadAssembly (1016ms)
			LoadAssemblies (80ms)
			RebuildTransferFunctionScriptingTraits (0ms)
			SetupTypeCache (235ms)
			ReleaseScriptCaches (0ms)
			RebuildScriptCaches (41ms)
			SetupLoadedEditorAssemblies (635ms)
				LogAssemblyErrors (0ms)
				InitializePlatformSupportModulesInManaged (16ms)
				SetLoadedEditorAssemblies (0ms)
				RefreshPlugins (1ms)
				BeforeProcessingInitializeOnLoad (55ms)
				ProcessInitializeOnLoadAttributes (542ms)
				ProcessInitializeOnLoadMethodAttributes (16ms)
				AfterProcessingInitializeOnLoad (5ms)
				EditorAssembliesLoaded (0ms)
			ExecutionOrderSort2 (0ms)
			AwakeInstancesAfterBackupRestoration (5ms)
Platform modules already initialized, skipping
========================================================================
Worker process is ready to serve import requests
Launched and connected shader compiler UnityShaderCompiler.exe after 0.09 seconds
Refreshing native plugins compatible for Editor in 0.96 ms, found 3 plugins.
Preloading 0 native plugins for Editor in 0.00 ms.
Unloading 3080 Unused Serialized files (Serialized files now loaded: 0)
Unloading 24 unused Assets / (46.5 KB). Loaded Objects now: 3542.
Memory consumption went from 113.8 MB to 113.8 MB.
Total: 2.484300 ms (FindLiveObjects: 0.179800 ms CreateObjectMapping: 0.073900 ms MarkObjects: 2.156400 ms  DeleteObjects: 0.073300 ms)

AssetImportParameters requested are different than current active one (requested -> active):
  custom:video-decoder-ogg-theora: a1e56fd34408186e4bbccfd4996cb3dc -> 
  custom:container-muxer-webm: aa71ff27fc2769a1b78a27578f13a17b -> 
  custom:container-demuxer-webm: 4f35f7cbe854078d1ac9338744f61a02 -> 
  custom:video-encoder-webm-vp8: eb34c28f22e8b96e1ab97ce403110664 -> 
  custom:CustomObjectIndexerAttribute: bc11b3a6c3213fcdd17b65e7da85e133 -> 
  custom:audio-encoder-webm-vorbis: bf7c407c2cedff20999df2af8eb42d56 -> 
  custom:framework-win-MediaFoundation: 216162199b28c13a410421893ffa2e32 -> 
  custom:SearchIndexIgnoredProperties: e643bd26f0fe6173181afceb89e7c659 -> 
  custom:container-demuxer-ogg: 62fdf1f143b41e24485cea50d1cbac27 -> 
  custom:video-decoder-webm-vp8: 9c59270c3fd7afecdb556c50c9e8de78 -> 
  custom:audio-decoder-ogg-vorbis: bf7c407c2cedff20999df2af8eb42d56 -> 
========================================================================
Received Import Request.
  Time since last request: 116411.812406 seconds.
  path: Assets/RPG Pack/Prefabs/Bottle_Health.prefab
  artifactKey: Guid(7cafb89b5a0f61f479d0a748962abbbc) Importer(815301076,1909f56bfc062723c751e8b465ee728b)
Number of updated assets reloaded before import = 0
Start importing Assets/RPG Pack/Prefabs/Bottle_Health.prefab using Guid(7cafb89b5a0f61f479d0a748962abbbc) Importer(815301076,1909f56bfc062723c751e8b465ee728b)  -> (artifact id: '1f2114a014051efd7053f6f431c6798a') in 0.301220 seconds 
Number of asset objects unloaded after import = 33
========================================================================
Received Import Request.
  Time since last request: 8.444641 seconds.
  path: Assets/Simple Modular Dungeon/Prefabs/Floors & Stair/Floor Rock Parent 001 .prefab
  artifactKey: Guid(46213ca8f32bf1142a1a90d5a66e459d) Importer(815301076,1909f56bfc062723c751e8b465ee728b)
Number of updated assets reloaded before import = 0
Start importing Assets/Simple Modular Dungeon/Prefabs/Floors & Stair/Floor Rock Parent 001 .prefab using Guid(46213ca8f32bf1142a1a90d5a66e459d) Importer(815301076,1909f56bfc062723c751e8b465ee728b)  -> (artifact id: 'e9fc0a45fc11a0bcb75dc87eca6528c2') in 0.218551 seconds 
Number of asset objects unloaded after import = 21
========================================================================
Received Import Request.
  Time since last request: 0.000026 seconds.
  path: Assets/Simple Modular Dungeon/Prefabs/Floors & Stair/Floor_Plain_Parent.prefab
  artifactKey: Guid(3964c23ae9838e84889ea6d65b5861aa) Importer(815301076,1909f56bfc062723c751e8b465ee728b)
Number of updated assets reloaded before import = 0
Start importing Assets/Simple Modular Dungeon/Prefabs/Floors & Stair/Floor_Plain_Parent.prefab using Guid(3964c23ae9838e84889ea6d65b5861aa) Importer(815301076,1909f56bfc062723c751e8b465ee728b)  -> (artifact id: 'c405aa68f8beeb53a1a60eb4056d37be') in 0.028203 seconds 
Number of asset objects unloaded after import = 16
========================================================================
Received Import Request.
  Time since last request: 0.432722 seconds.
  path: Assets/Simple Modular Dungeon/Prefabs/Light Sources/Candelabra Parent 001.prefab
  artifactKey: Guid(f788699e56a01e64ebc9590bf70346c7) Importer(815301076,1909f56bfc062723c751e8b465ee728b)
Number of updated assets reloaded before import = 0
Start importing Assets/Simple Modular Dungeon/Prefabs/Light Sources/Candelabra Parent 001.prefab using Guid(f788699e56a01e64ebc9590bf70346c7) Importer(815301076,1909f56bfc062723c751e8b465ee728b)  -> (artifact id: '31eac65090b63e8d96f790fe536492be') in 0.515778 seconds 
Number of asset objects unloaded after import = 584
========================================================================
Received Import Request.
  Time since last request: 12.380118 seconds.
  path: Assets/Simple Modular Dungeon/Prefabs/Arch & Pillars/Arch Parent 002.prefab
  artifactKey: Guid(b240f2d1a1a2f334f81f4017fe004a7f) Importer(815301076,1909f56bfc062723c751e8b465ee728b)
Number of updated assets reloaded before import = 0
Start importing Assets/Simple Modular Dungeon/Prefabs/Arch & Pillars/Arch Parent 002.prefab using Guid(b240f2d1a1a2f334f81f4017fe004a7f) Importer(815301076,1909f56bfc062723c751e8b465ee728b)  -> (artifact id: 'da411f7684c3264021b61bc571aad588') in 0.021184 seconds 
Number of asset objects unloaded after import = 18
========================================================================
Received Import Request.
  Time since last request: 0.000021 seconds.
  path: Assets/Simple Modular Dungeon/Prefabs/Arch & Pillars/Pillar Parent 002.prefab
  artifactKey: Guid(8bae6435dc12dd544bb07fd73f9aaea8) Importer(815301076,1909f56bfc062723c751e8b465ee728b)
Number of updated assets reloaded before import = 0
Start importing Assets/Simple Modular Dungeon/Prefabs/Arch & Pillars/Pillar Parent 002.prefab using Guid(8bae6435dc12dd544bb07fd73f9aaea8) Importer(815301076,1909f56bfc062723c751e8b465ee728b)  -> (artifact id: '1a16a07f60926a7bf902c7395df411c8') in 0.028734 seconds 
Number of asset objects unloaded after import = 22
========================================================================
Received Import Request.
  Time since last request: 3.556433 seconds.
  path: Assets/Simple Modular Dungeon/Prefabs/Props/Barrel Parent 001.prefab
  artifactKey: Guid(a4140530cfba26e4f88f22ea8174b6f4) Importer(815301076,1909f56bfc062723c751e8b465ee728b)
Number of updated assets reloaded before import = 0
Start importing Assets/Simple Modular Dungeon/Prefabs/Props/Barrel Parent 001.prefab using Guid(a4140530cfba26e4f88f22ea8174b6f4) Importer(815301076,1909f56bfc062723c751e8b465ee728b)  -> (artifact id: '7103b3f92d63e8a9d7050ae60f146525') in 0.023441 seconds 
Number of asset objects unloaded after import = 22
========================================================================
Received Import Request.
  Time since last request: 0.000018 seconds.
  path: Assets/Simple Modular Dungeon/Prefabs/Props/Crate Parent 001.prefab
  artifactKey: Guid(5f1cf3fcc1acb1b4eb479d3826dfde11) Importer(815301076,1909f56bfc062723c751e8b465ee728b)
Number of updated assets reloaded before import = 0
Start importing Assets/Simple Modular Dungeon/Prefabs/Props/Crate Parent 001.prefab using Guid(5f1cf3fcc1acb1b4eb479d3826dfde11) Importer(815301076,1909f56bfc062723c751e8b465ee728b)  -> (artifact id: '751864abc233851becd592add69c37ff') in 0.024415 seconds 
Number of asset objects unloaded after import = 16
========================================================================
Received Import Request.
  Time since last request: 0.000020 seconds.
  path: Assets/Simple Modular Dungeon/Prefabs/Props/Large Podium Parent 001.prefab
  artifactKey: Guid(6d52c1779545cdc4f9b4ee89cee569b0) Importer(815301076,1909f56bfc062723c751e8b465ee728b)
Number of updated assets reloaded before import = 0
Start importing Assets/Simple Modular Dungeon/Prefabs/Props/Large Podium Parent 001.prefab using Guid(6d52c1779545cdc4f9b4ee89cee569b0) Importer(815301076,1909f56bfc062723c751e8b465ee728b)  -> (artifact id: 'a3de931f3a27f099a3bab04e8c1df345') in 0.052429 seconds 
Number of asset objects unloaded after import = 96
========================================================================
Received Import Request.
  Time since last request: 0.000026 seconds.
  path: Assets/Simple Modular Dungeon/Prefabs/Props/Empty Bookshelf Parent 001.prefab
  artifactKey: Guid(cc4abe4a46c96ff4dba4cda6f58f0ad1) Importer(815301076,1909f56bfc062723c751e8b465ee728b)
Number of updated assets reloaded before import = 0
Start importing Assets/Simple Modular Dungeon/Prefabs/Props/Empty Bookshelf Parent 001.prefab using Guid(cc4abe4a46c96ff4dba4cda6f58f0ad1) Importer(815301076,1909f56bfc062723c751e8b465ee728b)  -> (artifact id: '7ca918df67417da8d1cc3950639c91cd') in 0.036821 seconds 
Number of asset objects unloaded after import = 16
========================================================================
Received Import Request.
  Time since last request: 0.000037 seconds.
  path: Assets/Simple Modular Dungeon/Prefabs/Props/Door Parent 001.prefab
  artifactKey: Guid(c41ce6c57e761324ba25b51cdf09af54) Importer(815301076,1909f56bfc062723c751e8b465ee728b)
Number of updated assets reloaded before import = 0
Start importing Assets/Simple Modular Dungeon/Prefabs/Props/Door Parent 001.prefab using Guid(c41ce6c57e761324ba25b51cdf09af54) Importer(815301076,1909f56bfc062723c751e8b465ee728b)  -> (artifact id: 'fccaef9a67ad4686b0ace24ce676d685') in 0.030948 seconds 
Number of asset objects unloaded after import = 21
========================================================================
Received Import Request.
  Time since last request: 0.760064 seconds.
  path: Assets/Simple Modular Dungeon/Prefabs/Props/Metal Grate Parent 001.prefab
  artifactKey: Guid(05b70bb637c1de5458361cdbe2cab1a2) Importer(815301076,1909f56bfc062723c751e8b465ee728b)
Number of updated assets reloaded before import = 0
Start importing Assets/Simple Modular Dungeon/Prefabs/Props/Metal Grate Parent 001.prefab using Guid(05b70bb637c1de5458361cdbe2cab1a2) Importer(815301076,1909f56bfc062723c751e8b465ee728b)  -> (artifact id: '8307add26eb7cf8000ec32196b7cd92d') in 0.019181 seconds 
Number of asset objects unloaded after import = 16
========================================================================
Received Import Request.
  Time since last request: 0.012180 seconds.
  path: Assets/Simple Modular Dungeon/Prefabs/Props/Podium Parent 002.prefab
  artifactKey: Guid(81eb8b1343d137446b9f06b4201681b3) Importer(815301076,1909f56bfc062723c751e8b465ee728b)
Number of updated assets reloaded before import = 0
Start importing Assets/Simple Modular Dungeon/Prefabs/Props/Podium Parent 002.prefab using Guid(81eb8b1343d137446b9f06b4201681b3) Importer(815301076,1909f56bfc062723c751e8b465ee728b)  -> (artifact id: 'f941a675b0f5e58a3433651090b7e1fe') in 0.023132 seconds 
Number of asset objects unloaded after import = 16
========================================================================
Received Import Request.
  Time since last request: 0.008356 seconds.
  path: Assets/Simple Modular Dungeon/Prefabs/Props/Podium Parent 003.prefab
  artifactKey: Guid(729deec6e080cfa469aea735d7c78644) Importer(815301076,1909f56bfc062723c751e8b465ee728b)
Number of updated assets reloaded before import = 0
Start importing Assets/Simple Modular Dungeon/Prefabs/Props/Podium Parent 003.prefab using Guid(729deec6e080cfa469aea735d7c78644) Importer(815301076,1909f56bfc062723c751e8b465ee728b)  -> (artifact id: 'ba53465d7ba5faa35df21bdf307eeaf2') in 0.022628 seconds 
Number of asset objects unloaded after import = 16
========================================================================
Received Import Request.
  Time since last request: 1.901063 seconds.
  path: Assets/Simple Modular Dungeon/Prefabs/Walls/Walls/Wall Parent 001.prefab
  artifactKey: Guid(7a9c2872915ad414e83307c9864abb76) Importer(815301076,1909f56bfc062723c751e8b465ee728b)
Number of updated assets reloaded before import = 0
Start importing Assets/Simple Modular Dungeon/Prefabs/Walls/Walls/Wall Parent 001.prefab using Guid(7a9c2872915ad414e83307c9864abb76) Importer(815301076,1909f56bfc062723c751e8b465ee728b)  -> (artifact id: 'bc8e0547fa8a0b5fd5dbaf9791906881') in 0.028329 seconds 
Number of asset objects unloaded after import = 23
========================================================================
Received Import Request.
  Time since last request: 0.000018 seconds.
  path: Assets/Simple Modular Dungeon/Prefabs/Walls/Walls/Wall Parent 007.prefab
  artifactKey: Guid(57b9a02f491aa734b8ea09834c302303) Importer(815301076,1909f56bfc062723c751e8b465ee728b)
Number of updated assets reloaded before import = 0
Start importing Assets/Simple Modular Dungeon/Prefabs/Walls/Walls/Wall Parent 007.prefab using Guid(57b9a02f491aa734b8ea09834c302303) Importer(815301076,1909f56bfc062723c751e8b465ee728b)  -> (artifact id: '1c07487e4aada28ab7e45e1f46c89290') in 0.039524 seconds 
Number of asset objects unloaded after import = 24
========================================================================
Received Import Request.
  Time since last request: 0.000022 seconds.
  path: Assets/Simple Modular Dungeon/Prefabs/Walls/Walls/Wall Parent 006.prefab
  artifactKey: Guid(8790f5475dc7010429a4b86b6dae403f) Importer(815301076,1909f56bfc062723c751e8b465ee728b)
Number of updated assets reloaded before import = 0
Start importing Assets/Simple Modular Dungeon/Prefabs/Walls/Walls/Wall Parent 006.prefab using Guid(8790f5475dc7010429a4b86b6dae403f) Importer(815301076,1909f56bfc062723c751e8b465ee728b)  -> (artifact id: 'c12edb61249166f9c3b204b79ac50de7') in 0.030028 seconds 
Number of asset objects unloaded after import = 24
========================================================================
Received Import Request.
  Time since last request: 1.490231 seconds.
  path: Assets/Simple Modular Dungeon/Prefabs/Walls/Doorways/Doorway Parent 001.prefab
  artifactKey: Guid(7dbe890dfe7a4f34d97f9af2a172b459) Importer(815301076,1909f56bfc062723c751e8b465ee728b)
Number of updated assets reloaded before import = 0
Start importing Assets/Simple Modular Dungeon/Prefabs/Walls/Doorways/Doorway Parent 001.prefab using Guid(7dbe890dfe7a4f34d97f9af2a172b459) Importer(815301076,1909f56bfc062723c751e8b465ee728b)  -> (artifact id: 'cc673a377ccaba670a27741940761ddb') in 0.034903 seconds 
Number of asset objects unloaded after import = 24
========================================================================
Received Import Request.
  Time since last request: 0.000017 seconds.
  path: Assets/Simple Modular Dungeon/Prefabs/Walls/Doorways/Gated Doorway Parent 002.prefab
  artifactKey: Guid(984aac39b6b54c941b055c909efdad97) Importer(815301076,1909f56bfc062723c751e8b465ee728b)
Number of updated assets reloaded before import = 0
Start importing Assets/Simple Modular Dungeon/Prefabs/Walls/Doorways/Gated Doorway Parent 002.prefab using Guid(984aac39b6b54c941b055c909efdad97) Importer(815301076,1909f56bfc062723c751e8b465ee728b)  -> (artifact id: 'bed5ffc5c9a0c961cf6c86b6958a6eb2') in 0.049708 seconds 
Number of asset objects unloaded after import = 29
========================================================================
Received Import Request.
  Time since last request: 0.000036 seconds.
  path: Assets/Simple Modular Dungeon/Prefabs/Walls/Doorways/Doorway Parent 006.prefab
  artifactKey: Guid(3788c5a437c484f4e8587709bf31cf85) Importer(815301076,1909f56bfc062723c751e8b465ee728b)
Number of updated assets reloaded before import = 0
Start importing Assets/Simple Modular Dungeon/Prefabs/Walls/Doorways/Doorway Parent 006.prefab using Guid(3788c5a437c484f4e8587709bf31cf85) Importer(815301076,1909f56bfc062723c751e8b465ee728b)  -> (artifact id: '87035bdb32b532c3d54070405ea8d9ce') in 0.046955 seconds 
Number of asset objects unloaded after import = 36
Editor requested this worker to shutdown with reason: Scaling down because of idle timeout
AssetImportWorker is now disconnected from the server
Process exiting
Exiting without the bug reporter. Application will terminate with return code 0