Using pre-set license
Built from '2021.3/staging' branch; Version is '2021.3.39f1 (fb3b7b32f191) revision 16464763'; Using compiler version '192829333'; Build Type 'Release'
OS: 'Windows 11  (10.0.22631) 64bit Core' Language: 'en' Physical Memory: 16088 MB
BatchMode: 1, IsHumanControllingUs: 0, StartBugReporterOnCrash: 0, Is64bit: 1, IsPro: 1

COMMAND LINE ARGUMENTS:
C:\Program Files\Unity\Hub\Editor\2021.3.39f1\Editor\Unity.exe
-adb2
-batchMode
-noUpm
-name
AssetImportWorker0
-projectPath
D:/CShap-MVC-LinhVM/RunBallRun
-logFile
Logs/AssetImportWorker0.log
-srvPort
52705
Successfully changed project path to: D:/CShap-MVC-LinhVM/RunBallRun
D:/CShap-MVC-LinhVM/RunBallRun
[UnityMemory] Configuration Parameters - Can be set up in boot.config
    "memorysetup-bucket-allocator-granularity=16"
    "memorysetup-bucket-allocator-bucket-count=8"
    "memorysetup-bucket-allocator-block-size=33554432"
    "memorysetup-bucket-allocator-block-count=8"
    "memorysetup-main-allocator-block-size=16777216"
    "memorysetup-thread-allocator-block-size=16777216"
    "memorysetup-gfx-main-allocator-block-size=16777216"
    "memorysetup-gfx-thread-allocator-block-size=16777216"
    "memorysetup-cache-allocator-block-size=4194304"
    "memorysetup-typetree-allocator-block-size=2097152"
    "memorysetup-profiler-bucket-allocator-granularity=16"
    "memorysetup-profiler-bucket-allocator-bucket-count=8"
    "memorysetup-profiler-bucket-allocator-block-size=33554432"
    "memorysetup-profiler-bucket-allocator-block-count=8"
    "memorysetup-profiler-allocator-block-size=16777216"
    "memorysetup-profiler-editor-allocator-block-size=1048576"
    "memorysetup-temp-allocator-size-main=16777216"
    "memorysetup-job-temp-allocator-block-size=2097152"
    "memorysetup-job-temp-allocator-block-size-background=1048576"
    "memorysetup-job-temp-allocator-reduction-small-platforms=262144"
    "memorysetup-temp-allocator-size-background-worker=32768"
    "memorysetup-temp-allocator-size-job-worker=262144"
    "memorysetup-temp-allocator-size-preload-manager=33554432"
    "memorysetup-temp-allocator-size-nav-mesh-worker=65536"
    "memorysetup-temp-allocator-size-audio-worker=65536"
    "memorysetup-temp-allocator-size-cloud-worker=32768"
    "memorysetup-temp-allocator-size-gi-baking-worker=262144"
    "memorysetup-temp-allocator-size-gfx=262144"
Player connection [26880] Host "[IP] 192.168.200.178 [Port] 0 [Flags] 2 [Guid] 3857294291 [EditorId] 3857294291 [Version] 1048832 [Id] WindowsEditor(7,LAPTOP-5K21940G) [Debug] 1 [PackageName] WindowsEditor [ProjectName] Editor" joined multi-casting on [225.0.0.222:54997]...

Player connection [26880] Host "[IP] 192.168.200.178 [Port] 0 [Flags] 2 [Guid] 3857294291 [EditorId] 3857294291 [Version] 1048832 [Id] WindowsEditor(7,LAPTOP-5K21940G) [Debug] 1 [PackageName] WindowsEditor [ProjectName] Editor" joined alternative multi-casting on [225.0.0.222:34997]...

[Physics::Module] Initialized MultithreadedJobDispatcher with {0} workers.
Refreshing native plugins compatible for Editor in 59.24 ms, found 3 plugins.
Preloading 0 native plugins for Editor in 0.00 ms.
Initialize engine version: 2021.3.39f1 (fb3b7b32f191)
[Subsystems] Discovering subsystems at path C:/Program Files/Unity/Hub/Editor/2021.3.39f1/Editor/Data/Resources/UnitySubsystems
[Subsystems] Discovering subsystems at path D:/CShap-MVC-LinhVM/RunBallRun/Assets
GfxDevice: creating device client; threaded=0; jobified=0
Direct3D:
    Version:  Direct3D 11.0 [level 11.1]
    Renderer: NVIDIA GeForce RTX 3050 Ti Laptop GPU (ID=0x25a0)
    Vendor:   NVIDIA
    VRAM:     3962 MB
    Driver:   32.0.15.6094
Initialize mono
Mono path[0] = 'C:/Program Files/Unity/Hub/Editor/2021.3.39f1/Editor/Data/Managed'
Mono path[1] = 'C:/Program Files/Unity/Hub/Editor/2021.3.39f1/Editor/Data/MonoBleedingEdge/lib/mono/unityjit-win32'
Mono config path = 'C:/Program Files/Unity/Hub/Editor/2021.3.39f1/Editor/Data/MonoBleedingEdge/etc'
Using monoOptions --debugger-agent=transport=dt_socket,embedding=1,server=y,suspend=n,address=127.0.0.1:56668
Begin MonoManager ReloadAssembly
Registering precompiled unity dll's ...
Register platform support module: C:/Program Files/Unity/Hub/Editor/2021.3.39f1/Editor/Data/PlaybackEngines/AndroidPlayer/UnityEditor.Android.Extensions.dll
Register platform support module: C:/Program Files/Unity/Hub/Editor/2021.3.39f1/Editor/Data/PlaybackEngines/WindowsStandaloneSupport/UnityEditor.WindowsStandalone.Extensions.dll
Registered in 0.003706 seconds.
Native extension for WindowsStandalone target not found
Native extension for Android target not found
Android Extension - Scanning For ADB Devices 277 ms
Refreshing native plugins compatible for Editor in 55.66 ms, found 3 plugins.
Preloading 0 native plugins for Editor in 0.00 ms.
Mono: successfully reloaded assembly
- Completed reload, in  0.838 seconds
Domain Reload Profiling:
	ReloadAssembly (838ms)
		BeginReloadAssembly (81ms)
			ExecutionOrderSort (0ms)
			DisableScriptedObjects (0ms)
			BackupInstance (0ms)
			ReleaseScriptingObjects (0ms)
			CreateAndSetChildDomain (1ms)
		EndReloadAssembly (684ms)
			LoadAssemblies (80ms)
			RebuildTransferFunctionScriptingTraits (0ms)
			SetupTypeCache (97ms)
			ReleaseScriptCaches (0ms)
			RebuildScriptCaches (24ms)
			SetupLoadedEditorAssemblies (530ms)
				LogAssemblyErrors (0ms)
				InitializePlatformSupportModulesInManaged (358ms)
				SetLoadedEditorAssemblies (0ms)
				RefreshPlugins (56ms)
				BeforeProcessingInitializeOnLoad (1ms)
				ProcessInitializeOnLoadAttributes (81ms)
				ProcessInitializeOnLoadMethodAttributes (33ms)
				AfterProcessingInitializeOnLoad (0ms)
				EditorAssembliesLoaded (0ms)
			ExecutionOrderSort2 (0ms)
			AwakeInstancesAfterBackupRestoration (0ms)
Platform modules already initialized, skipping
Registering precompiled user dll's ...
Registered in 0.002542 seconds.
Begin MonoManager ReloadAssembly
Native extension for WindowsStandalone target not found
Native extension for Android target not found
Refreshing native plugins compatible for Editor in 0.48 ms, found 3 plugins.
Preloading 0 native plugins for Editor in 0.00 ms.
Package Manager log level set to [2]
[Package Manager] Server::EnsureServerProcessIsRunning -- launch failed, reason: Unity was launched with the -noUpm command-line argument
[Package Manager] Cannot connect to Unity Package Manager local server
Mono: successfully reloaded assembly
- Completed reload, in  1.197 seconds
Domain Reload Profiling:
	ReloadAssembly (1197ms)
		BeginReloadAssembly (104ms)
			ExecutionOrderSort (0ms)
			DisableScriptedObjects (4ms)
			BackupInstance (0ms)
			ReleaseScriptingObjects (0ms)
			CreateAndSetChildDomain (18ms)
		EndReloadAssembly (1013ms)
			LoadAssemblies (83ms)
			RebuildTransferFunctionScriptingTraits (0ms)
			SetupTypeCache (229ms)
			ReleaseScriptCaches (0ms)
			RebuildScriptCaches (38ms)
			SetupLoadedEditorAssemblies (635ms)
				LogAssemblyErrors (0ms)
				InitializePlatformSupportModulesInManaged (16ms)
				SetLoadedEditorAssemblies (0ms)
				RefreshPlugins (1ms)
				BeforeProcessingInitializeOnLoad (50ms)
				ProcessInitializeOnLoadAttributes (546ms)
				ProcessInitializeOnLoadMethodAttributes (17ms)
				AfterProcessingInitializeOnLoad (5ms)
				EditorAssembliesLoaded (0ms)
			ExecutionOrderSort2 (0ms)
			AwakeInstancesAfterBackupRestoration (6ms)
Platform modules already initialized, skipping
========================================================================
Worker process is ready to serve import requests
Launched and connected shader compiler UnityShaderCompiler.exe after 0.07 seconds
Refreshing native plugins compatible for Editor in 0.71 ms, found 3 plugins.
Preloading 0 native plugins for Editor in 0.00 ms.
Unloading 3080 Unused Serialized files (Serialized files now loaded: 0)
Unloading 24 unused Assets / (46.5 KB). Loaded Objects now: 3542.
Memory consumption went from 113.8 MB to 113.8 MB.
Total: 2.524300 ms (FindLiveObjects: 0.226100 ms CreateObjectMapping: 0.076500 ms MarkObjects: 2.151700 ms  DeleteObjects: 0.068800 ms)

AssetImportParameters requested are different than current active one (requested -> active):
  custom:video-decoder-ogg-theora: a1e56fd34408186e4bbccfd4996cb3dc -> 
  custom:container-muxer-webm: aa71ff27fc2769a1b78a27578f13a17b -> 
  custom:container-demuxer-webm: 4f35f7cbe854078d1ac9338744f61a02 -> 
  custom:video-encoder-webm-vp8: eb34c28f22e8b96e1ab97ce403110664 -> 
  custom:CustomObjectIndexerAttribute: bc11b3a6c3213fcdd17b65e7da85e133 -> 
  custom:audio-encoder-webm-vorbis: bf7c407c2cedff20999df2af8eb42d56 -> 
  custom:framework-win-MediaFoundation: 216162199b28c13a410421893ffa2e32 -> 
  custom:SearchIndexIgnoredProperties: e643bd26f0fe6173181afceb89e7c659 -> 
  custom:container-demuxer-ogg: 62fdf1f143b41e24485cea50d1cbac27 -> 
  custom:video-decoder-webm-vp8: 9c59270c3fd7afecdb556c50c9e8de78 -> 
  custom:audio-decoder-ogg-vorbis: bf7c407c2cedff20999df2af8eb42d56 -> 
========================================================================
Received Import Request.
  Time since last request: 116411.809582 seconds.
  path: Assets/RPG Pack/Prefabs/Bottle_Mana.prefab
  artifactKey: Guid(2cf6690298568294cb6b655c0a3aeb87) Importer(815301076,1909f56bfc062723c751e8b465ee728b)
Number of updated assets reloaded before import = 0
Start importing Assets/RPG Pack/Prefabs/Bottle_Mana.prefab using Guid(2cf6690298568294cb6b655c0a3aeb87) Importer(815301076,1909f56bfc062723c751e8b465ee728b)  -> (artifact id: 'c6f2c1538990466e8991ce19ef85c747') in 0.303706 seconds 
Number of asset objects unloaded after import = 33
========================================================================
Received Import Request.
  Time since last request: 0.000047 seconds.
  path: Assets/RPG Pack/Prefabs/Coin.prefab
  artifactKey: Guid(5142a683d65bbf84abea6f07db9099c7) Importer(815301076,1909f56bfc062723c751e8b465ee728b)
Number of updated assets reloaded before import = 0
Start importing Assets/RPG Pack/Prefabs/Coin.prefab using Guid(5142a683d65bbf84abea6f07db9099c7) Importer(815301076,1909f56bfc062723c751e8b465ee728b)  -> (artifact id: 'c20164590c25621ce76325c9b04af654') in 0.161259 seconds 
Number of asset objects unloaded after import = 20
========================================================================
Received Import Request.
  Time since last request: 8.282625 seconds.
  path: Assets/Simple Modular Dungeon/Prefabs/Floors & Stair/Floor Rock Parent 002.prefab
  artifactKey: Guid(a6aa9f20791939347bece85756b00ec6) Importer(815301076,1909f56bfc062723c751e8b465ee728b)
Number of updated assets reloaded before import = 0
Start importing Assets/Simple Modular Dungeon/Prefabs/Floors & Stair/Floor Rock Parent 002.prefab using Guid(a6aa9f20791939347bece85756b00ec6) Importer(815301076,1909f56bfc062723c751e8b465ee728b)  -> (artifact id: 'c835d36cd50e342399443f56508257e4') in 0.217531 seconds 
Number of asset objects unloaded after import = 22
========================================================================
Received Import Request.
  Time since last request: 0.000042 seconds.
  path: Assets/Simple Modular Dungeon/Prefabs/Floors & Stair/Stair Parent 001.prefab
  artifactKey: Guid(aa50862e18c864c4f86eb776cd73070c) Importer(815301076,1909f56bfc062723c751e8b465ee728b)
Number of updated assets reloaded before import = 0
Start importing Assets/Simple Modular Dungeon/Prefabs/Floors & Stair/Stair Parent 001.prefab using Guid(aa50862e18c864c4f86eb776cd73070c) Importer(815301076,1909f56bfc062723c751e8b465ee728b)  -> (artifact id: '8810a1eafae3dfea8024d83106ce7cfa') in 0.026624 seconds 
Number of asset objects unloaded after import = 16
========================================================================
Received Import Request.
  Time since last request: 0.434930 seconds.
  path: Assets/Simple Modular Dungeon/Prefabs/Light Sources/Candle Parent 001.prefab
  artifactKey: Guid(46ba410235699e54ea5e836af9e36c47) Importer(815301076,1909f56bfc062723c751e8b465ee728b)
Number of updated assets reloaded before import = 0
Start importing Assets/Simple Modular Dungeon/Prefabs/Light Sources/Candle Parent 001.prefab using Guid(46ba410235699e54ea5e836af9e36c47) Importer(815301076,1909f56bfc062723c751e8b465ee728b)  -> (artifact id: 'fd96a75be5434f573af4c65de80fa985') in 0.216724 seconds 
Number of asset objects unloaded after import = 499
========================================================================
Received Import Request.
  Time since last request: 0.000039 seconds.
  path: Assets/Simple Modular Dungeon/Prefabs/Light Sources/Torch Parent 002.prefab
  artifactKey: Guid(ccbfdc64594325c4ebfb2ccd9a074f8b) Importer(815301076,1909f56bfc062723c751e8b465ee728b)
Number of updated assets reloaded before import = 0
Start importing Assets/Simple Modular Dungeon/Prefabs/Light Sources/Torch Parent 002.prefab using Guid(ccbfdc64594325c4ebfb2ccd9a074f8b) Importer(815301076,1909f56bfc062723c751e8b465ee728b)  -> (artifact id: '05e982bf9a637280e30970ec3ba802f3') in 0.030909 seconds 
Number of asset objects unloaded after import = 67
========================================================================
Received Import Request.
  Time since last request: 12.647261 seconds.
  path: Assets/Simple Modular Dungeon/Prefabs/Arch & Pillars/Arch Variation 001.prefab
  artifactKey: Guid(b22eaeb277257e2439ef8b9f8e7158a0) Importer(815301076,1909f56bfc062723c751e8b465ee728b)
Number of updated assets reloaded before import = 0
Start importing Assets/Simple Modular Dungeon/Prefabs/Arch & Pillars/Arch Variation 001.prefab using Guid(b22eaeb277257e2439ef8b9f8e7158a0) Importer(815301076,1909f56bfc062723c751e8b465ee728b)  -> (artifact id: '0a684f067c85433f7b02a15c9fef23d7') in 0.029595 seconds 
Number of asset objects unloaded after import = 56
========================================================================
Received Import Request.
  Time since last request: 3.577584 seconds.
  path: Assets/Simple Modular Dungeon/Prefabs/Props/Bookshelf Parent 001.prefab
  artifactKey: Guid(1790f2f3c6fdb3c4286a5c5f5cef70f9) Importer(815301076,1909f56bfc062723c751e8b465ee728b)
Number of updated assets reloaded before import = 0
Start importing Assets/Simple Modular Dungeon/Prefabs/Props/Bookshelf Parent 001.prefab using Guid(1790f2f3c6fdb3c4286a5c5f5cef70f9) Importer(815301076,1909f56bfc062723c751e8b465ee728b)  -> (artifact id: 'e46868660715a25a86da549806e186b7') in 0.106523 seconds 
Number of asset objects unloaded after import = 508
========================================================================
Received Import Request.
  Time since last request: 0.000029 seconds.
  path: Assets/Simple Modular Dungeon/Prefabs/Props/Chest Parent 001.prefab
  artifactKey: Guid(d2b67af396bfa6940a00740de263da1e) Importer(815301076,1909f56bfc062723c751e8b465ee728b)
Number of updated assets reloaded before import = 0
Start importing Assets/Simple Modular Dungeon/Prefabs/Props/Chest Parent 001.prefab using Guid(d2b67af396bfa6940a00740de263da1e) Importer(815301076,1909f56bfc062723c751e8b465ee728b)  -> (artifact id: '2d32b3d459aa1cd6cc2bdfe22521213c') in 0.046533 seconds 
Number of asset objects unloaded after import = 22
========================================================================
Received Import Request.
  Time since last request: 0.786247 seconds.
  path: Assets/Simple Modular Dungeon/Prefabs/Props/Podium Parent 001.prefab
  artifactKey: Guid(c2286f67497ea024eb78b44a5dac2a0e) Importer(815301076,1909f56bfc062723c751e8b465ee728b)
Number of updated assets reloaded before import = 0
Start importing Assets/Simple Modular Dungeon/Prefabs/Props/Podium Parent 001.prefab using Guid(c2286f67497ea024eb78b44a5dac2a0e) Importer(815301076,1909f56bfc062723c751e8b465ee728b)  -> (artifact id: 'ecd1407db2e1e15ca87590f6db81aeae') in 0.026910 seconds 
Number of asset objects unloaded after import = 16
========================================================================
Received Import Request.
  Time since last request: 0.050672 seconds.
  path: Assets/Simple Modular Dungeon/Prefabs/Props/Small Crate Parent 001.prefab
  artifactKey: Guid(37be96c9356cdec4cbea554e8db1fd75) Importer(815301076,1909f56bfc062723c751e8b465ee728b)
Number of updated assets reloaded before import = 0
Start importing Assets/Simple Modular Dungeon/Prefabs/Props/Small Crate Parent 001.prefab using Guid(37be96c9356cdec4cbea554e8db1fd75) Importer(815301076,1909f56bfc062723c751e8b465ee728b)  -> (artifact id: 'c34d8562dd1af1511115c133ca9fcdc6') in 0.018919 seconds 
Number of asset objects unloaded after import = 16
========================================================================
Received Import Request.
  Time since last request: 1.882532 seconds.
  path: Assets/Simple Modular Dungeon/Prefabs/Walls/Walls/Wall Parent 002.prefab
  artifactKey: Guid(cafb3b4966c8c144ebc1342e811a77e0) Importer(815301076,1909f56bfc062723c751e8b465ee728b)
Number of updated assets reloaded before import = 0
Start importing Assets/Simple Modular Dungeon/Prefabs/Walls/Walls/Wall Parent 002.prefab using Guid(cafb3b4966c8c144ebc1342e811a77e0) Importer(815301076,1909f56bfc062723c751e8b465ee728b)  -> (artifact id: 'b30d9e8ac4a1b35607acff0c8c067f83') in 0.028142 seconds 
Number of asset objects unloaded after import = 23
========================================================================
Received Import Request.
  Time since last request: 0.000016 seconds.
  path: Assets/Simple Modular Dungeon/Prefabs/Walls/Walls/Wall Parent 005.prefab
  artifactKey: Guid(0aa7e00d814a34847b233e57b43f046b) Importer(815301076,1909f56bfc062723c751e8b465ee728b)
Number of updated assets reloaded before import = 0
Start importing Assets/Simple Modular Dungeon/Prefabs/Walls/Walls/Wall Parent 005.prefab using Guid(0aa7e00d814a34847b233e57b43f046b) Importer(815301076,1909f56bfc062723c751e8b465ee728b)  -> (artifact id: '77fea0156b9be29cd8cc96d15f95123a') in 0.045805 seconds 
Number of asset objects unloaded after import = 24
========================================================================
Received Import Request.
  Time since last request: 1.514948 seconds.
  path: Assets/Simple Modular Dungeon/Prefabs/Walls/Doorways/Doorway Parent 002.prefab
  artifactKey: Guid(3cd6ed25643f3c74e933d51b249d62ad) Importer(815301076,1909f56bfc062723c751e8b465ee728b)
Number of updated assets reloaded before import = 0
Start importing Assets/Simple Modular Dungeon/Prefabs/Walls/Doorways/Doorway Parent 002.prefab using Guid(3cd6ed25643f3c74e933d51b249d62ad) Importer(815301076,1909f56bfc062723c751e8b465ee728b)  -> (artifact id: '05b2cf8a3703c96ab3939ec1df4c7a40') in 0.034883 seconds 
Number of asset objects unloaded after import = 24
========================================================================
Received Import Request.
  Time since last request: 0.000016 seconds.
  path: Assets/Simple Modular Dungeon/Prefabs/Walls/Doorways/Doorway Parent 004.prefab
  artifactKey: Guid(1d382ec8f6faa7f4b82a000b5f0fd66c) Importer(815301076,1909f56bfc062723c751e8b465ee728b)
Number of updated assets reloaded before import = 0
Start importing Assets/Simple Modular Dungeon/Prefabs/Walls/Doorways/Doorway Parent 004.prefab using Guid(1d382ec8f6faa7f4b82a000b5f0fd66c) Importer(815301076,1909f56bfc062723c751e8b465ee728b)  -> (artifact id: '1321383a009a72c96c282473e0898102') in 0.062373 seconds 
Number of asset objects unloaded after import = 34
========================================================================
Received Import Request.
  Time since last request: 0.000034 seconds.
  path: Assets/Simple Modular Dungeon/Prefabs/Walls/Doorways/Gated Doorway Parent 001.prefab
  artifactKey: Guid(7886c724c2a633b4797310c5db34cc02) Importer(815301076,1909f56bfc062723c751e8b465ee728b)
Number of updated assets reloaded before import = 0
Start importing Assets/Simple Modular Dungeon/Prefabs/Walls/Doorways/Gated Doorway Parent 001.prefab using Guid(7886c724c2a633b4797310c5db34cc02) Importer(815301076,1909f56bfc062723c751e8b465ee728b)  -> (artifact id: 'ce96719eb4cea6a4336dc19e4f25d900') in 0.035187 seconds 
Number of asset objects unloaded after import = 30
========================================================================
Received Import Request.
  Time since last request: 471.044792 seconds.
  path: Assets/Simple Modular Dungeon/Prefabs/Walls/Walls
  artifactKey: Guid(f21d74b00a9f689498bafd7243a30b4f) Importer(815301076,1909f56bfc062723c751e8b465ee728b)
Number of updated assets reloaded before import = 0
Start importing Assets/Simple Modular Dungeon/Prefabs/Walls/Walls using Guid(f21d74b00a9f689498bafd7243a30b4f) Importer(815301076,1909f56bfc062723c751e8b465ee728b)  -> (artifact id: '677bc6e074f024ac2d53777be4467152') in 0.012425 seconds 
Number of asset objects unloaded after import = 0
========================================================================
Received Import Request.
  Time since last request: 926.981786 seconds.
  path: Assets/_MyAsset
  artifactKey: Guid(b91739bfb34ad224faf6bf0a3a7d37c2) Importer(815301076,1909f56bfc062723c751e8b465ee728b)
Number of updated assets reloaded before import = 0
Start importing Assets/_MyAsset using Guid(b91739bfb34ad224faf6bf0a3a7d37c2) Importer(815301076,1909f56bfc062723c751e8b465ee728b)  -> (artifact id: 'a85ce08e7bbc241965b0b8fbdf8aa50d') in 0.011812 seconds 
Number of asset objects unloaded after import = 0
========================================================================
Received Prepare
Registering precompiled user dll's ...
Registered in 0.002911 seconds.
Begin MonoManager ReloadAssembly
Native extension for WindowsStandalone target not found
Native extension for Android target not found
Refreshing native plugins compatible for Editor in 0.57 ms, found 3 plugins.
Preloading 0 native plugins for Editor in 0.00 ms.
[Package Manager] Server::EnsureServerProcessIsRunning -- launch failed, reason: Unity was launched with the -noUpm command-line argument
[Package Manager] Cannot connect to Unity Package Manager local server
Mono: successfully reloaded assembly
- Completed reload, in  1.136 seconds
Domain Reload Profiling:
	ReloadAssembly (1136ms)
		BeginReloadAssembly (129ms)
			ExecutionOrderSort (0ms)
			DisableScriptedObjects (3ms)
			BackupInstance (0ms)
			ReleaseScriptingObjects (0ms)
			CreateAndSetChildDomain (33ms)
		EndReloadAssembly (942ms)
			LoadAssemblies (81ms)
			RebuildTransferFunctionScriptingTraits (0ms)
			SetupTypeCache (212ms)
			ReleaseScriptCaches (2ms)
			RebuildScriptCaches (37ms)
			SetupLoadedEditorAssemblies (597ms)
				LogAssemblyErrors (0ms)
				InitializePlatformSupportModulesInManaged (21ms)
				SetLoadedEditorAssemblies (0ms)
				RefreshPlugins (1ms)
				BeforeProcessingInitializeOnLoad (47ms)
				ProcessInitializeOnLoadAttributes (508ms)
				ProcessInitializeOnLoadMethodAttributes (16ms)
				AfterProcessingInitializeOnLoad (4ms)
				EditorAssembliesLoaded (0ms)
			ExecutionOrderSort2 (0ms)
			AwakeInstancesAfterBackupRestoration (4ms)
Platform modules already initialized, skipping
Refreshing native plugins compatible for Editor in 0.47 ms, found 3 plugins.
Preloading 0 native plugins for Editor in 0.00 ms.
Unloading 3073 Unused Serialized files (Serialized files now loaded: 0)
Unloading 20 unused Assets / (22.1 KB). Loaded Objects now: 3555.
Memory consumption went from 113.3 MB to 113.3 MB.
Total: 2.243600 ms (FindLiveObjects: 0.179500 ms CreateObjectMapping: 0.082900 ms MarkObjects: 1.933500 ms  DeleteObjects: 0.046800 ms)

AssetImportParameters requested are different than current active one (requested -> active):
  custom:video-decoder-ogg-theora: a1e56fd34408186e4bbccfd4996cb3dc -> 
  custom:container-muxer-webm: aa71ff27fc2769a1b78a27578f13a17b -> 
  custom:container-demuxer-webm: 4f35f7cbe854078d1ac9338744f61a02 -> 
  custom:video-encoder-webm-vp8: eb34c28f22e8b96e1ab97ce403110664 -> 
  custom:CustomObjectIndexerAttribute: bc11b3a6c3213fcdd17b65e7da85e133 -> 
  custom:audio-encoder-webm-vorbis: bf7c407c2cedff20999df2af8eb42d56 -> 
  custom:framework-win-MediaFoundation: 216162199b28c13a410421893ffa2e32 -> 
  custom:SearchIndexIgnoredProperties: e643bd26f0fe6173181afceb89e7c659 -> 
  custom:container-demuxer-ogg: 62fdf1f143b41e24485cea50d1cbac27 -> 
  custom:video-decoder-webm-vp8: 9c59270c3fd7afecdb556c50c9e8de78 -> 
  custom:audio-decoder-ogg-vorbis: bf7c407c2cedff20999df2af8eb42d56 -> 
========================================================================
Received Import Request.
  Time since last request: 9.818090 seconds.
  path: Assets/_MyAsset/NewBehaviourScript.cs
  artifactKey: Guid(4656de940cc563f4b8632e2f56ddf8c1) Importer(815301076,1909f56bfc062723c751e8b465ee728b)
Number of updated assets reloaded before import = 0
Start importing Assets/_MyAsset/NewBehaviourScript.cs using Guid(4656de940cc563f4b8632e2f56ddf8c1) Importer(815301076,1909f56bfc062723c751e8b465ee728b)  -> (artifact id: '7e5b73ef4d5a6cc3031b56ccd5d2b265') in 0.023853 seconds 
Number of asset objects unloaded after import = 0
========================================================================
Received Prepare
Registering precompiled user dll's ...
Registered in 0.001968 seconds.
Begin MonoManager ReloadAssembly
Native extension for WindowsStandalone target not found
Native extension for Android target not found
Refreshing native plugins compatible for Editor in 0.51 ms, found 3 plugins.
Preloading 0 native plugins for Editor in 0.00 ms.
[Package Manager] Server::EnsureServerProcessIsRunning -- launch failed, reason: Unity was launched with the -noUpm command-line argument
[Package Manager] Cannot connect to Unity Package Manager local server
Mono: successfully reloaded assembly
- Completed reload, in  1.129 seconds
Domain Reload Profiling:
	ReloadAssembly (1129ms)
		BeginReloadAssembly (127ms)
			ExecutionOrderSort (0ms)
			DisableScriptedObjects (5ms)
			BackupInstance (0ms)
			ReleaseScriptingObjects (0ms)
			CreateAndSetChildDomain (28ms)
		EndReloadAssembly (925ms)
			LoadAssemblies (82ms)
			RebuildTransferFunctionScriptingTraits (0ms)
			SetupTypeCache (216ms)
			ReleaseScriptCaches (1ms)
			RebuildScriptCaches (34ms)
			SetupLoadedEditorAssemblies (584ms)
				LogAssemblyErrors (0ms)
				InitializePlatformSupportModulesInManaged (18ms)
				SetLoadedEditorAssemblies (0ms)
				RefreshPlugins (1ms)
				BeforeProcessingInitializeOnLoad (39ms)
				ProcessInitializeOnLoadAttributes (507ms)
				ProcessInitializeOnLoadMethodAttributes (15ms)
				AfterProcessingInitializeOnLoad (3ms)
				EditorAssembliesLoaded (0ms)
			ExecutionOrderSort2 (0ms)
			AwakeInstancesAfterBackupRestoration (4ms)
Platform modules already initialized, skipping
Refreshing native plugins compatible for Editor in 0.50 ms, found 3 plugins.
Preloading 0 native plugins for Editor in 0.00 ms.
Unloading 3072 Unused Serialized files (Serialized files now loaded: 0)
Unloading 20 unused Assets / (21.9 KB). Loaded Objects now: 3557.
Memory consumption went from 113.3 MB to 113.3 MB.
Total: 2.152000 ms (FindLiveObjects: 0.170000 ms CreateObjectMapping: 0.072900 ms MarkObjects: 1.884000 ms  DeleteObjects: 0.024000 ms)

AssetImportParameters requested are different than current active one (requested -> active):
  custom:video-decoder-ogg-theora: a1e56fd34408186e4bbccfd4996cb3dc -> 
  custom:container-muxer-webm: aa71ff27fc2769a1b78a27578f13a17b -> 
  custom:container-demuxer-webm: 4f35f7cbe854078d1ac9338744f61a02 -> 
  custom:video-encoder-webm-vp8: eb34c28f22e8b96e1ab97ce403110664 -> 
  custom:CustomObjectIndexerAttribute: bc11b3a6c3213fcdd17b65e7da85e133 -> 
  custom:audio-encoder-webm-vorbis: bf7c407c2cedff20999df2af8eb42d56 -> 
  custom:framework-win-MediaFoundation: 216162199b28c13a410421893ffa2e32 -> 
  custom:SearchIndexIgnoredProperties: e643bd26f0fe6173181afceb89e7c659 -> 
  custom:container-demuxer-ogg: 62fdf1f143b41e24485cea50d1cbac27 -> 
  custom:video-decoder-webm-vp8: 9c59270c3fd7afecdb556c50c9e8de78 -> 
  custom:audio-decoder-ogg-vorbis: bf7c407c2cedff20999df2af8eb42d56 -> 
========================================================================
Received Import Request.
  Time since last request: 11.982585 seconds.
  path: Assets/_MyAsset/My Script
  artifactKey: Guid(054e181b6ee5a5d43b40bd0675a30d0a) Importer(815301076,1909f56bfc062723c751e8b465ee728b)
Number of updated assets reloaded before import = 0
Start importing Assets/_MyAsset/My Script using Guid(054e181b6ee5a5d43b40bd0675a30d0a) Importer(815301076,1909f56bfc062723c751e8b465ee728b)  -> (artifact id: 'f13f127d124d00356e7ea98219f2791e') in 0.020237 seconds 
Number of asset objects unloaded after import = 0
========================================================================
Received Import Request.
  Time since last request: 7.475900 seconds.
  path: Assets/_MyAsset/My Material
  artifactKey: Guid(b73391f41d848fe4d9810f67c8d2c370) Importer(815301076,1909f56bfc062723c751e8b465ee728b)
Number of updated assets reloaded before import = 0
Start importing Assets/_MyAsset/My Material using Guid(b73391f41d848fe4d9810f67c8d2c370) Importer(815301076,1909f56bfc062723c751e8b465ee728b)  -> (artifact id: '9a671f262e6ead5a27c6b41858065316') in 0.012391 seconds 
Number of asset objects unloaded after import = 0
========================================================================
Received Import Request.
  Time since last request: 5.639010 seconds.
  path: Assets/_MyAsset/My Material/Ball.mat
  artifactKey: Guid(eef80d1a0951c56469f97be33725a28b) Importer(815301076,1909f56bfc062723c751e8b465ee728b)
Number of updated assets reloaded before import = 0
Start importing Assets/_MyAsset/My Material/Ball.mat using Guid(eef80d1a0951c56469f97be33725a28b) Importer(815301076,1909f56bfc062723c751e8b465ee728b)  -> (artifact id: '954d62804dc617cc1ba17e7082102dac') in 0.079306 seconds 
Number of asset objects unloaded after import = 1
========================================================================
Received Import Request.
  Time since last request: 1.608147 seconds.
  path: Assets/RPG Pack/Textures/Bottle_blue_diff.png
  artifactKey: Guid(6f8c6a1b959adeb42bf8f42c22d4cf40) Importer(815301076,1909f56bfc062723c751e8b465ee728b)
Number of updated assets reloaded before import = 0
Start importing Assets/RPG Pack/Textures/Bottle_blue_diff.png using Guid(6f8c6a1b959adeb42bf8f42c22d4cf40) Importer(815301076,1909f56bfc062723c751e8b465ee728b)  -> (artifact id: 'b8e16663336eefd17a25d00dd33600fc') in 0.081709 seconds 
Number of asset objects unloaded after import = 2
========================================================================
Received Import Request.
  Time since last request: 0.000023 seconds.
  path: Assets/Props_3D/Textures/effect_sparkle.png
  artifactKey: Guid(db1cd5d5e13b94f57ade19d396a0c983) Importer(815301076,1909f56bfc062723c751e8b465ee728b)
Number of updated assets reloaded before import = 0
Start importing Assets/Props_3D/Textures/effect_sparkle.png using Guid(db1cd5d5e13b94f57ade19d396a0c983) Importer(815301076,1909f56bfc062723c751e8b465ee728b)  -> (artifact id: 'd39ea9e22bfab619965d235d5ca098ee') in 0.021139 seconds 
Number of asset objects unloaded after import = 2
========================================================================
Received Import Request.
  Time since last request: 0.000058 seconds.
  path: Assets/Simple Modular Dungeon/Components/Texture Maps/ModularDungeonSeperatedMaterials_Book Binding (Book Variation 004)_Metallic.png
  artifactKey: Guid(f3bba3aa15cec7942aece68b66070ed3) Importer(815301076,1909f56bfc062723c751e8b465ee728b)
Number of updated assets reloaded before import = 0
Start importing Assets/Simple Modular Dungeon/Components/Texture Maps/ModularDungeonSeperatedMaterials_Book Binding (Book Variation 004)_Metallic.png using Guid(f3bba3aa15cec7942aece68b66070ed3) Importer(815301076,1909f56bfc062723c751e8b465ee728b)  -> (artifact id: '62cfb81cf478534b54a46088a86a5b8d') in 0.020403 seconds 
Number of asset objects unloaded after import = 2
========================================================================
Received Import Request.
  Time since last request: 0.000028 seconds.
  path: Assets/Simple Modular Dungeon/Components/Texture Maps/ModularDungeonSeperatedMaterials_Book Binding (Book Variation 002)_Albedo.png
  artifactKey: Guid(f4749bbdc5a17dc41b73f7c6a2e4ea25) Importer(815301076,1909f56bfc062723c751e8b465ee728b)
Number of updated assets reloaded before import = 0
Start importing Assets/Simple Modular Dungeon/Components/Texture Maps/ModularDungeonSeperatedMaterials_Book Binding (Book Variation 002)_Albedo.png using Guid(f4749bbdc5a17dc41b73f7c6a2e4ea25) Importer(815301076,1909f56bfc062723c751e8b465ee728b)  -> (artifact id: '4379b59b49f9aa17bfe2d672e264f3ee') in 0.017301 seconds 
Number of asset objects unloaded after import = 2
========================================================================
Received Import Request.
  Time since last request: 0.000022 seconds.
  path: Assets/Simple Modular Dungeon/Components/Texture Maps/ModularDungeonSeperatedMaterials_Book Binding (Book Variation 005)_Normal.png
  artifactKey: Guid(82016c4139224a64c8756db2062f8da7) Importer(815301076,1909f56bfc062723c751e8b465ee728b)
Number of updated assets reloaded before import = 0
Start importing Assets/Simple Modular Dungeon/Components/Texture Maps/ModularDungeonSeperatedMaterials_Book Binding (Book Variation 005)_Normal.png using Guid(82016c4139224a64c8756db2062f8da7) Importer(815301076,1909f56bfc062723c751e8b465ee728b)  -> (artifact id: '58c9367e6dd8fd2335daf60a7e0d5c9b') in 0.018263 seconds 
Number of asset objects unloaded after import = 2
========================================================================
Received Import Request.
  Time since last request: 0.000029 seconds.
  path: Assets/Simple Modular Dungeon/Components/Texture Maps/ModularDungeonSeperatedMaterials_Book Binding (Book Variation 003)_BaseMap.png
  artifactKey: Guid(f6fcaa167bd9203429bd3b9f5d03acb3) Importer(815301076,1909f56bfc062723c751e8b465ee728b)
Number of updated assets reloaded before import = 0
Start importing Assets/Simple Modular Dungeon/Components/Texture Maps/ModularDungeonSeperatedMaterials_Book Binding (Book Variation 003)_BaseMap.png using Guid(f6fcaa167bd9203429bd3b9f5d03acb3) Importer(815301076,1909f56bfc062723c751e8b465ee728b)  -> (artifact id: '73279560a31b4289f9d0d3c4daf968b5') in 0.014433 seconds 
Number of asset objects unloaded after import = 2
========================================================================
Received Import Request.
  Time since last request: 0.000041 seconds.
  path: Assets/RPG Pack/Textures/Coin_normals.png
  artifactKey: Guid(e7c7ff0ad5317aa49aec0dd4869d621c) Importer(815301076,1909f56bfc062723c751e8b465ee728b)
Number of updated assets reloaded before import = 0
Start importing Assets/RPG Pack/Textures/Coin_normals.png using Guid(e7c7ff0ad5317aa49aec0dd4869d621c) Importer(815301076,1909f56bfc062723c751e8b465ee728b)  -> (artifact id: 'c1f3c3da68c68b234b467b0059e88b02') in 0.018635 seconds 
Number of asset objects unloaded after import = 2
========================================================================
Received Import Request.
  Time since last request: 0.000019 seconds.
  path: Assets/Simple Modular Dungeon/Components/Texture Maps/Fire_Texture/fire-texture.png
  artifactKey: Guid(fa7f0741e64958441a9929db34f801be) Importer(815301076,1909f56bfc062723c751e8b465ee728b)
Number of updated assets reloaded before import = 0
Start importing Assets/Simple Modular Dungeon/Components/Texture Maps/Fire_Texture/fire-texture.png using Guid(fa7f0741e64958441a9929db34f801be) Importer(815301076,1909f56bfc062723c751e8b465ee728b)  -> (artifact id: '86d8172ae74ee2ed4901bf94bc489b09') in 0.014449 seconds 
Number of asset objects unloaded after import = 2
========================================================================
Received Import Request.
  Time since last request: 0.000022 seconds.
  path: Assets/Simple Modular Dungeon/Components/Texture Maps/ModularDungeonSeperatedMaterials_Book Binding (Book Variation 002)_Normal.png
  artifactKey: Guid(f5811a44789a1034394ddab0489dacee) Importer(815301076,1909f56bfc062723c751e8b465ee728b)
Number of updated assets reloaded before import = 0
Start importing Assets/Simple Modular Dungeon/Components/Texture Maps/ModularDungeonSeperatedMaterials_Book Binding (Book Variation 002)_Normal.png using Guid(f5811a44789a1034394ddab0489dacee) Importer(815301076,1909f56bfc062723c751e8b465ee728b)  -> (artifact id: 'ea374377673f57a195f7bdcc153692b7') in 0.016417 seconds 
Number of asset objects unloaded after import = 2
========================================================================
Received Import Request.
  Time since last request: 0.000018 seconds.
  path: Assets/Simple Modular Dungeon/Components/Texture Maps/ModularDungeonSeperatedMaterials_Book Binding (Book Variation 004)_MaskMap.png
  artifactKey: Guid(2fbfebf244a35ae4e894ca048ba5a8a7) Importer(815301076,1909f56bfc062723c751e8b465ee728b)
Number of updated assets reloaded before import = 0
Start importing Assets/Simple Modular Dungeon/Components/Texture Maps/ModularDungeonSeperatedMaterials_Book Binding (Book Variation 004)_MaskMap.png using Guid(2fbfebf244a35ae4e894ca048ba5a8a7) Importer(815301076,1909f56bfc062723c751e8b465ee728b)  -> (artifact id: '60001c961b5fe0d216faa627e3b63c81') in 0.016908 seconds 
Number of asset objects unloaded after import = 2
========================================================================
Received Import Request.
  Time since last request: 0.000025 seconds.
  path: Assets/Simple Modular Dungeon/Components/Texture Maps/ModularDungeonSeperatedMaterials_Book Binding (Book Variation 004)_BaseMap.png
  artifactKey: Guid(dd20e397547cdf64f939bfe2abd1e80a) Importer(815301076,1909f56bfc062723c751e8b465ee728b)
Number of updated assets reloaded before import = 0
Start importing Assets/Simple Modular Dungeon/Components/Texture Maps/ModularDungeonSeperatedMaterials_Book Binding (Book Variation 004)_BaseMap.png using Guid(dd20e397547cdf64f939bfe2abd1e80a) Importer(815301076,1909f56bfc062723c751e8b465ee728b)  -> (artifact id: '4937b80902f933a0456fd8a4a9347e45') in 0.017993 seconds 
Number of asset objects unloaded after import = 2
========================================================================
Received Import Request.
  Time since last request: 0.000028 seconds.
  path: Assets/Simple Modular Dungeon/Components/Texture Maps/ModularDungeonSeperatedMaterials_Book Binding (Book Variation 005)_Albedo.png
  artifactKey: Guid(33279bfcfdd74ea44837a303c7994561) Importer(815301076,1909f56bfc062723c751e8b465ee728b)
Number of updated assets reloaded before import = 0
Start importing Assets/Simple Modular Dungeon/Components/Texture Maps/ModularDungeonSeperatedMaterials_Book Binding (Book Variation 005)_Albedo.png using Guid(33279bfcfdd74ea44837a303c7994561) Importer(815301076,1909f56bfc062723c751e8b465ee728b)  -> (artifact id: 'fabe6c9dc583cf688642c3c33810677f') in 0.017519 seconds 
Number of asset objects unloaded after import = 2
========================================================================
Received Import Request.
  Time since last request: 0.000043 seconds.
  path: Assets/Simple Modular Dungeon/Components/Texture Maps/ModularDungeonSeperatedMaterials_Book Binding (Book Variation 002)_MaskMap.png
  artifactKey: Guid(ee29d211d89d8eb44a426b1dfce2aeb0) Importer(815301076,1909f56bfc062723c751e8b465ee728b)
Number of updated assets reloaded before import = 0
Start importing Assets/Simple Modular Dungeon/Components/Texture Maps/ModularDungeonSeperatedMaterials_Book Binding (Book Variation 002)_MaskMap.png using Guid(ee29d211d89d8eb44a426b1dfce2aeb0) Importer(815301076,1909f56bfc062723c751e8b465ee728b)  -> (artifact id: '6d8b77f8da67536ebb7e2f444126e630') in 0.019483 seconds 
Number of asset objects unloaded after import = 2
========================================================================
Received Import Request.
  Time since last request: 0.000020 seconds.
  path: Assets/Simple Modular Dungeon/Components/Texture Maps/ModularDungeonSeperatedMaterials_Black Stone (Candelabra Variation 001)_MaskMap.png
  artifactKey: Guid(0098e5eae73d982419b573d168c69aac) Importer(815301076,1909f56bfc062723c751e8b465ee728b)
Number of updated assets reloaded before import = 0
Start importing Assets/Simple Modular Dungeon/Components/Texture Maps/ModularDungeonSeperatedMaterials_Black Stone (Candelabra Variation 001)_MaskMap.png using Guid(0098e5eae73d982419b573d168c69aac) Importer(815301076,1909f56bfc062723c751e8b465ee728b)  -> (artifact id: 'abd77fedfd73d0e8443df4ad4c7e3932') in 0.016200 seconds 
Number of asset objects unloaded after import = 2
========================================================================
Received Import Request.
  Time since last request: 0.000022 seconds.
  path: Assets/Simple Modular Dungeon/Components/Texture Maps/ModularDungeonSeperatedMaterials_Book Binding (Book Variation 003)_Height.png
  artifactKey: Guid(bc1c042c6747b2346b75374084b671ab) Importer(815301076,1909f56bfc062723c751e8b465ee728b)
Number of updated assets reloaded before import = 0
Start importing Assets/Simple Modular Dungeon/Components/Texture Maps/ModularDungeonSeperatedMaterials_Book Binding (Book Variation 003)_Height.png using Guid(bc1c042c6747b2346b75374084b671ab) Importer(815301076,1909f56bfc062723c751e8b465ee728b)  -> (artifact id: 'ddf0fb5ebb5f43c3671f96b8c699f611') in 0.014492 seconds 
Number of asset objects unloaded after import = 2
========================================================================
Received Import Request.
  Time since last request: 0.000043 seconds.
  path: Assets/Simple Modular Dungeon/Components/Texture Maps/ModularDungeonSeperatedMaterials_Book Binding (Book Variation 003)_MaskMap.png
  artifactKey: Guid(7d414b46ff4fc954a8c23a713132fea6) Importer(815301076,1909f56bfc062723c751e8b465ee728b)
Number of updated assets reloaded before import = 0
Start importing Assets/Simple Modular Dungeon/Components/Texture Maps/ModularDungeonSeperatedMaterials_Book Binding (Book Variation 003)_MaskMap.png using Guid(7d414b46ff4fc954a8c23a713132fea6) Importer(815301076,1909f56bfc062723c751e8b465ee728b)  -> (artifact id: '443a4c3dcfcd6af34ad275cd665e343e') in 0.014857 seconds 
Number of asset objects unloaded after import = 2
========================================================================
Received Import Request.
  Time since last request: 0.000033 seconds.
  path: Assets/Simple Modular Dungeon/Components/Texture Maps/ModularDungeonSeperatedMaterials_Book Binding (Book Variation 005)_AmbientOcclusion.png
  artifactKey: Guid(3cde43fa8a72a2443b7e7b31b9b8b282) Importer(815301076,1909f56bfc062723c751e8b465ee728b)
Number of updated assets reloaded before import = 0
Start importing Assets/Simple Modular Dungeon/Components/Texture Maps/ModularDungeonSeperatedMaterials_Book Binding (Book Variation 005)_AmbientOcclusion.png using Guid(3cde43fa8a72a2443b7e7b31b9b8b282) Importer(815301076,1909f56bfc062723c751e8b465ee728b)  -> (artifact id: '6b1f800ab409dc33b5367027bb5a10eb') in 0.016781 seconds 
Number of asset objects unloaded after import = 2
========================================================================
Received Import Request.
  Time since last request: 0.000028 seconds.
  path: Assets/Simple Modular Dungeon/Components/Texture Maps/ModularDungeonSeperatedMaterials_Black Stone (Candelabra Variation 001)_Height.png
  artifactKey: Guid(a67fa7cadb956864db1a3c4821706ecc) Importer(815301076,1909f56bfc062723c751e8b465ee728b)
Number of updated assets reloaded before import = 0
Start importing Assets/Simple Modular Dungeon/Components/Texture Maps/ModularDungeonSeperatedMaterials_Black Stone (Candelabra Variation 001)_Height.png using Guid(a67fa7cadb956864db1a3c4821706ecc) Importer(815301076,1909f56bfc062723c751e8b465ee728b)  -> (artifact id: '1e677dde1fa3c4c58126789d400d6aaa') in 0.019793 seconds 
Number of asset objects unloaded after import = 2
========================================================================
Received Import Request.
  Time since last request: 0.000021 seconds.
  path: Assets/Simple Modular Dungeon/Components/Texture Maps/ModularDungeonSeperatedMaterials_Book Binding (Book Variation 003)_Albedo.png
  artifactKey: Guid(cac87a58d4de50d428cc522921dd2073) Importer(815301076,1909f56bfc062723c751e8b465ee728b)
Number of updated assets reloaded before import = 0
Start importing Assets/Simple Modular Dungeon/Components/Texture Maps/ModularDungeonSeperatedMaterials_Book Binding (Book Variation 003)_Albedo.png using Guid(cac87a58d4de50d428cc522921dd2073) Importer(815301076,1909f56bfc062723c751e8b465ee728b)  -> (artifact id: '9552ce3b2c826a7f118e331f9ebbca72') in 0.016963 seconds 
Number of asset objects unloaded after import = 2
========================================================================
Received Import Request.
  Time since last request: 0.000027 seconds.
  path: Assets/Simple Modular Dungeon/Components/Texture Maps/ModularDungeonSeperatedMaterials_Book Binding (Book Variation 001)_BaseMap.png
  artifactKey: Guid(1bf858c5762b4c34e87713e8df401e1d) Importer(815301076,1909f56bfc062723c751e8b465ee728b)
Number of updated assets reloaded before import = 0
Start importing Assets/Simple Modular Dungeon/Components/Texture Maps/ModularDungeonSeperatedMaterials_Book Binding (Book Variation 001)_BaseMap.png using Guid(1bf858c5762b4c34e87713e8df401e1d) Importer(815301076,1909f56bfc062723c751e8b465ee728b)  -> (artifact id: '3fc12e056e7089af75ffc97461e6536d') in 0.017197 seconds 
Number of asset objects unloaded after import = 2
========================================================================
Received Import Request.
  Time since last request: 0.000049 seconds.
  path: Assets/Simple Modular Dungeon/Components/Texture Maps/ModularDungeonSeperatedMaterials_Black Stone (Candelabra Variation 001)_Albedo.png
  artifactKey: Guid(7732f1cb62c49b54dae3ea4baf54d154) Importer(815301076,1909f56bfc062723c751e8b465ee728b)
Number of updated assets reloaded before import = 0
Start importing Assets/Simple Modular Dungeon/Components/Texture Maps/ModularDungeonSeperatedMaterials_Black Stone (Candelabra Variation 001)_Albedo.png using Guid(7732f1cb62c49b54dae3ea4baf54d154) Importer(815301076,1909f56bfc062723c751e8b465ee728b)  -> (artifact id: '2248865137dc86ac45a090b5b4ae6cb8') in 0.019987 seconds 
Number of asset objects unloaded after import = 2
========================================================================
Received Import Request.
  Time since last request: 0.000046 seconds.
  path: Assets/Simple Modular Dungeon/Components/Texture Maps/ModularDungeonSeperatedMaterials_Black Stone (Candelabra Variation 001)_Normal.png
  artifactKey: Guid(009e6fc046ff2a84eb047ceb989c0f2b) Importer(815301076,1909f56bfc062723c751e8b465ee728b)
Number of updated assets reloaded before import = 0
Start importing Assets/Simple Modular Dungeon/Components/Texture Maps/ModularDungeonSeperatedMaterials_Black Stone (Candelabra Variation 001)_Normal.png using Guid(009e6fc046ff2a84eb047ceb989c0f2b) Importer(815301076,1909f56bfc062723c751e8b465ee728b)  -> (artifact id: '8aeba1197f8735b783795bc3e35176a7') in 0.018439 seconds 
Number of asset objects unloaded after import = 2
========================================================================
Received Import Request.
  Time since last request: 0.000020 seconds.
  path: Assets/Simple Modular Dungeon/Components/Texture Maps/ModularDungeonSeperatedMaterials_Book Binding (Book Variation 001)_AmbientOcclusion.png
  artifactKey: Guid(e82133400cfe0e941a38ef88f37030ce) Importer(815301076,1909f56bfc062723c751e8b465ee728b)
Number of updated assets reloaded before import = 0
Start importing Assets/Simple Modular Dungeon/Components/Texture Maps/ModularDungeonSeperatedMaterials_Book Binding (Book Variation 001)_AmbientOcclusion.png using Guid(e82133400cfe0e941a38ef88f37030ce) Importer(815301076,1909f56bfc062723c751e8b465ee728b)  -> (artifact id: 'f00dfc91462d6da75034dd1fcb416660') in 0.014711 seconds 
Number of asset objects unloaded after import = 2
========================================================================
Received Import Request.
  Time since last request: 0.000027 seconds.
  path: Assets/RPG Pack/Textures/BoxOfPandora_diffuse.png
  artifactKey: Guid(ebb57d4ee979f0f468fd27daa88b3179) Importer(815301076,1909f56bfc062723c751e8b465ee728b)
Number of updated assets reloaded before import = 0
Start importing Assets/RPG Pack/Textures/BoxOfPandora_diffuse.png using Guid(ebb57d4ee979f0f468fd27daa88b3179) Importer(815301076,1909f56bfc062723c751e8b465ee728b)  -> (artifact id: 'cbec3dbc767a89b589d126e6a6ef9180') in 0.015943 seconds 
Number of asset objects unloaded after import = 2
========================================================================
Received Import Request.
  Time since last request: 0.000023 seconds.
  path: Assets/Simple Modular Dungeon/Components/Texture Maps/ModularDungeonSeperatedMaterials_Book Binding (Book Variation 005)_Height.png
  artifactKey: Guid(c431faecf058545488e2256577bbfedd) Importer(815301076,1909f56bfc062723c751e8b465ee728b)
Number of updated assets reloaded before import = 0
Start importing Assets/Simple Modular Dungeon/Components/Texture Maps/ModularDungeonSeperatedMaterials_Book Binding (Book Variation 005)_Height.png using Guid(c431faecf058545488e2256577bbfedd) Importer(815301076,1909f56bfc062723c751e8b465ee728b)  -> (artifact id: 'eded22f3d68d739bafecf0c06c244cd7') in 0.017352 seconds 
Number of asset objects unloaded after import = 2
========================================================================
Received Import Request.
  Time since last request: 0.000028 seconds.
  path: Assets/Simple Modular Dungeon/Components/Texture Maps/ModularDungeonSeperatedMaterials_Black Stone (Candelabra Variation 001)_AmbientOcclusion.png
  artifactKey: Guid(4a389d4db9069e3468169fef3dd0d439) Importer(815301076,1909f56bfc062723c751e8b465ee728b)
Number of updated assets reloaded before import = 0
Start importing Assets/Simple Modular Dungeon/Components/Texture Maps/ModularDungeonSeperatedMaterials_Black Stone (Candelabra Variation 001)_AmbientOcclusion.png using Guid(4a389d4db9069e3468169fef3dd0d439) Importer(815301076,1909f56bfc062723c751e8b465ee728b)  -> (artifact id: '7f7a6657e14e5d7dd2ceac0bf090a264') in 0.015333 seconds 
Number of asset objects unloaded after import = 2
========================================================================
Received Import Request.
  Time since last request: 0.000026 seconds.
  path: Assets/Simple Modular Dungeon/Components/Texture Maps/ModularDungeonSeperatedMaterials_Book Binding (Book Variation 005)_MaskMap.png
  artifactKey: Guid(093bc54443dcdd64e8b30965df2d2b25) Importer(815301076,1909f56bfc062723c751e8b465ee728b)
Number of updated assets reloaded before import = 0
Start importing Assets/Simple Modular Dungeon/Components/Texture Maps/ModularDungeonSeperatedMaterials_Book Binding (Book Variation 005)_MaskMap.png using Guid(093bc54443dcdd64e8b30965df2d2b25) Importer(815301076,1909f56bfc062723c751e8b465ee728b)  -> (artifact id: '7d3167dc0d9d8f5e2adc80114fbf7e49') in 0.018089 seconds 
Number of asset objects unloaded after import = 2
========================================================================
Received Import Request.
  Time since last request: 0.000040 seconds.
  path: Assets/RPG Pack/Textures/Bottles_normal.png
  artifactKey: Guid(c8e2cfcbf9c39d847a864ff5716625a2) Importer(815301076,1909f56bfc062723c751e8b465ee728b)
Number of updated assets reloaded before import = 0
Start importing Assets/RPG Pack/Textures/Bottles_normal.png using Guid(c8e2cfcbf9c39d847a864ff5716625a2) Importer(815301076,1909f56bfc062723c751e8b465ee728b)  -> (artifact id: 'ec4f85fd954c357a739b0e289847decf') in 0.015562 seconds 
Number of asset objects unloaded after import = 2
Editor requested this worker to shutdown with reason: Scaling down because of idle timeout
AssetImportWorker is now disconnected from the server
Process exiting
Exiting without the bug reporter. Application will terminate with return code 0